  main.cpp
D:\CCU_HW\Computational_Photography\Project3\main.cpp(67,18): warning C4240: 使用非標準的擴充: 存取 'MyGlWindow::Shape' 現在已經定義為 'private'，之前它定義為 'public'
D:\CCU_HW\Computational_Photography\Project3\main.cpp(47,12): message : 請參閱 'MyGlWindow::Shape' 的宣告
D:\CCU_HW\Computational_Photography\Project3\main.cpp(108,21): warning C4244: '正在初始化': 將 'double' 轉換為 'float'，由於類型不同，可能導致資料遺失
D:\CCU_HW\Computational_Photography\Project3\main.cpp(110,88): warning C4244: '引數': 將 'double' 轉換為 'GLfloat'，由於類型不同，可能導致資料遺失
D:\CCU_HW\Computational_Photography\Project3\main.cpp(110,55): warning C4244: '引數': 將 'double' 轉換為 'GLfloat'，由於類型不同，可能導致資料遺失
D:\CCU_HW\Computational_Photography\Project3\main.cpp(268,22): warning C4244: '正在初始化': 將 'double' 轉換為 'float'，由於類型不同，可能導致資料遺失
D:\CCU_HW\Computational_Photography\Project3\main.cpp(276,17): warning C4244: '正在初始化': 將 'double' 轉換為 'float'，由於類型不同，可能導致資料遺失
main.obj : error LNK2019: 在函式 "public: static int __cdecl Fl::run(void)" (?run@Fl@@SAHXZ)main 中參考了無法解析的外部符號
main.obj : error LNK2019: 在函式 "public: void __cdecl Fl_Widget::redraw(void)" (?redraw@Fl_Widget@@QEAAXXZ)"public: void __cdecl MyGlWindow::ClearAll(void)" (?ClearAll@MyGlWindow@@QEAAXXZ) 中參考了無法解析的外部符號
main.obj : error LNK2019: 在函式 "public: void __cdecl Fl_Group::end(void)" (?end@Fl_Group@@QEAAXXZ)main 中參考了無法解析的外部符號
main.obj : error LNK2019: 在函式 "public: int __cdecl Fl_Image::fail(void)" (?fail@Fl_Image@@QEAAHXZ)main 中參考了無法解析的外部符號
main.obj : error LNK2019: 在函式 "public: __cdecl Fl_Window::Fl_Window(int,int,char const *)" (??0Fl_Window@@QEAA@HHPEBD@Z)main 中參考了無法解析的外部符號
main.obj : error LNK2019: 在函式 "public: __cdecl Fl_Window::Fl_Window(int,int,int,int,char const *)" (??0Fl_Window@@QEAA@HHHHPEBD@Z)"public: __cdecl Fl_Gl_Window::Fl_Gl_Window(int,int,int,int,char const *)" (??0Fl_Gl_Window@@QEAA@HHHHPEBD@Z) 中參考了無法解析的外部符號
main.obj : error LNK2019: 在函式 "public: virtual __cdecl Fl_Window::~Fl_Window(void)" (??1Fl_Window@@UEAA@XZ)"int `public: __cdecl Fl_Gl_Window::Fl_Gl_Window(int,int,int,int,char const *)'::`1'::dtor$0" (?dtor$0@?0???0Fl_Gl_Window@@QEAA@HHHHPEBD@Z@4HA) 中參考了無法解析的外部符號
main.obj : error LNK2001: 無法解析的外部符號 "private: virtual void __cdecl Fl_Gl_Window::draw_overlay(void)" (?draw_overlay@Fl_Gl_Window@@EEAAXXZ)
main.obj : error LNK2019: 在函式 "private: void __cdecl Fl_Gl_Window::init(void)" (?init@Fl_Gl_Window@@AEAAXXZ)"public: __cdecl Fl_Gl_Window::Fl_Gl_Window(int,int,int,int,char const *)" (??0Fl_Gl_Window@@QEAA@HHHHPEBD@Z) 中參考了無法解析的外部符號
main.obj : error LNK2001: 無法解析的外部符號 "public: virtual void __cdecl Fl_Gl_Window::show(void)" (?show@Fl_Gl_Window@@UEAAXXZ)
main.obj : error LNK2001: 無法解析的外部符號 "public: virtual void __cdecl Fl_Gl_Window::flush(void)" (?flush@Fl_Gl_Window@@UEAAXXZ)
main.obj : error LNK2001: 無法解析的外部符號 "public: virtual void __cdecl Fl_Gl_Window::hide(void)" (?hide@Fl_Gl_Window@@UEAAXXZ)
main.obj : error LNK2001: 無法解析的外部符號 "public: virtual void __cdecl Fl_Gl_Window::resize(int,int,int,int)" (?resize@Fl_Gl_Window@@UEAAXHHHH@Z)
main.obj : error LNK2019: 在函式 "public: virtual int __cdecl Fl_Gl_Window::handle(int)" (?handle@Fl_Gl_Window@@UEAAHH@Z)"public: virtual int __cdecl MyGlWindow::handle(int)" (?handle@MyGlWindow@@UEAAHH@Z) 中參考了無法解析的外部符號
main.obj : error LNK2019: 在函式 "public: virtual __cdecl Fl_Gl_Window::~Fl_Gl_Window(void)" (??1Fl_Gl_Window@@UEAA@XZ)"public: virtual __cdecl MyGlWindow::~MyGlWindow(void)" (??1MyGlWindow@@UEAA@XZ) 中參考了無法解析的外部符號
main.obj : error LNK2001: 無法解析的外部符號 "protected: virtual void __cdecl Fl_Gl_Window::draw(void)" (?draw@Fl_Gl_Window@@MEAAXXZ)
main.obj : error LNK2019: 在函式 "public: __cdecl Fl_Button::Fl_Button(int,int,int,int,char const *)" (??0Fl_Button@@QEAA@HHHHPEBD@Z)"class Fl_Button * __cdecl createButton(int,int,int,int,char const *,class Fl_Widget *,class std::function<void __cdecl(void)>)" (?createButton@@YAPEAVFl_Button@@HHHHPEBDPEAVFl_Widget@@V?$function@$$A6AXXZ@std@@@Z) 中參考了無法解析的外部符號
main.obj : error LNK2019: 在函式 "public: __cdecl Fl_BMP_Image::Fl_BMP_Image(char const *)" (??0Fl_BMP_Image@@QEAA@PEBD@Z)main 中參考了無法解析的外部符號
main.obj : error LNK2019: 在函式 "public: __cdecl Fl_Box::Fl_Box(int,int,int,int,char const *)" (??0Fl_Box@@QEAA@HHHHPEBD@Z)main 中參考了無法解析的外部符號
main.obj : error LNK2001: 無法解析的外部符號 "public: static int Fl::e_x" (?e_x@Fl@@2HA)
main.obj : error LNK2001: 無法解析的外部符號 "public: static int Fl::e_y" (?e_y@Fl@@2HA)
main.obj : error LNK2001: 無法解析的外部符號 "public: static int Fl::e_dy" (?e_dy@Fl@@2HA)
main.obj : error LNK2001: 無法解析的外部符號 "public: static int Fl::e_keysym" (?e_keysym@Fl@@2HA)
D:\CCU_HW\Computational_Photography\Project3\x64\Debug\Project3.exe : fatal error LNK1120: 23 個無法解析的外部符號
